This is pdfTeX, Version 3.14159265-2.6-1.40.16 (TeX Live 2015) (preloaded format=pdflatex 2015.5.24)  20 SEP 2015 18:40
entering extended mode
 restricted \write18 enabled.
 file:line:error style messages enabled.
 %&-line parsing enabled.
**hw03.tex
(./hw03.tex
LaTeX2e <2015/01/01>
Babel <3.9l> and hyphenation patterns for 79 languages loaded.
(/usr/local/texlive/2015/texmf-dist/tex/latex/base/article.cls
Document Class: article 2014/09/29 v1.4h Standard LaTeX document class
(/usr/local/texlive/2015/texmf-dist/tex/latex/base/size12.clo
File: size12.clo 2014/09/29 v1.4h Standard LaTeX file (size option)
)
\c@part=\count79
\c@section=\count80
\c@subsection=\count81
\c@subsubsection=\count82
\c@paragraph=\count83
\c@subparagraph=\count84
\c@figure=\count85
\c@table=\count86
\abovecaptionskip=\skip41
\belowcaptionskip=\skip42
\bibindent=\dimen102
)
(/usr/local/texlive/2015/texmf-dist/tex/latex/amsfonts/amssymb.sty
Package: amssymb 2013/01/14 v3.01 AMS font symbols

(/usr/local/texlive/2015/texmf-dist/tex/latex/amsfonts/amsfonts.sty
Package: amsfonts 2013/01/14 v3.01 Basic AMSFonts support
\@emptytoks=\toks14
\symAMSa=\mathgroup4
\symAMSb=\mathgroup5
LaTeX Font Info:    Overwriting math alphabet `\mathfrak' in version `bold'
(Font)                  U/euf/m/n --> U/euf/b/n on input line 106.
))
(./hw03.aux)
\openout1 = `hw03.aux'.

LaTeX Font Info:    Checking defaults for OML/cmm/m/it on input line 10.
LaTeX Font Info:    ... okay on input line 10.
LaTeX Font Info:    Checking defaults for T1/cmr/m/n on input line 10.
LaTeX Font Info:    ... okay on input line 10.
LaTeX Font Info:    Checking defaults for OT1/cmr/m/n on input line 10.
LaTeX Font Info:    ... okay on input line 10.
LaTeX Font Info:    Checking defaults for OMS/cmsy/m/n on input line 10.
LaTeX Font Info:    ... okay on input line 10.
LaTeX Font Info:    Checking defaults for OMX/cmex/m/n on input line 10.
LaTeX Font Info:    ... okay on input line 10.
LaTeX Font Info:    Checking defaults for U/cmr/m/n on input line 10.
LaTeX Font Info:    ... okay on input line 10.
LaTeX Font Info:    Try loading font information for U+msa on input line 30.
 (/usr/local/texlive/2015/texmf-dist/tex/latex/amsfonts/umsa.fd
File: umsa.fd 2013/01/14 v3.01 AMS symbols A
)
LaTeX Font Info:    Try loading font information for U+msb on input line 30.

(/usr/local/texlive/2015/texmf-dist/tex/latex/amsfonts/umsb.fd
File: umsb.fd 2013/01/14 v3.01 AMS symbols B
)
Underfull \hbox (badness 10000) in paragraph at lines 29--32

 []


Underfull \hbox (badness 10000) in paragraph at lines 33--46
\OT1/cmr/m/n/12 tional num-ber.
 []


Underfull \hbox (badness 10000) in paragraph at lines 33--46

 []


Underfull \hbox (badness 10000) in paragraph at lines 33--46
\OT1/cmr/m/n/12 Proof: Sup-pose that $[] + \OML/cmm/m/it/12 r$ \OT1/cmr/m/n/12 
is ra-tio-nal then $[] + \OML/cmm/m/it/12 r \OT1/cmr/m/n/12 = []$ 
 []


Underfull \hbox (badness 10000) in paragraph at lines 48--74
[]\OT1/cmr/bx/n/12 [6 Pts] \OT1/cmr/m/n/12 Prove that the square root of 15 is 
ir-ra-tional.
 []


Underfull \hbox (badness 10000) in paragraph at lines 48--74

 []


LaTeX Warning: `h' float specifier changed to `ht'.


Underfull \hbox (badness 10000) in paragraph at lines 76--78

 []

[1

{/usr/local/texlive/2015/texmf-var/fonts/map/pdftex/updmap/pdftex.map}]
Underfull \hbox (badness 5817) in paragraph at lines 79--83
[]\OT1/cmr/bx/n/12 [6 Pts] \OT1/cmr/m/n/12 Prove or dis-prove that $\OML/cmm/m/
it/12 p$ \OT1/cmr/m/n/12 is odd if and only if $\OML/cmm/m/it/12 p[]$ \OT1/cmr/
m/n/12 is odd.
 []


Underfull \hbox (badness 10000) in paragraph at lines 79--83

 []


Underfull \hbox (badness 10000) in paragraph at lines 79--83

 []


Underfull \hbox (badness 10000) in paragraph at lines 84--87

 []


Underfull \hbox (badness 10000) in paragraph at lines 90--92
\OT1/cmr/m/n/12 squares. Is your proof con-struc-tive or non-constructive? Ex-p
lain.
 []


Underfull \hbox (badness 10000) in paragraph at lines 90--92

 []


Underfull \hbox (badness 10000) in paragraph at lines 93--95

 []

[2]
Underfull \hbox (badness 10000) in paragraph at lines 97--101
\OT1/cmr/m/n/12 (a) $\OMS/cmsy/m/n/12 f\OT1/cmr/m/n/12 6\OML/cmm/m/it/12 ; \OT1
/cmr/m/n/12 14\OML/cmm/m/it/12 ; \OT1/cmr/m/n/12 22\OML/cmm/m/it/12 ; []\OMS/cm
sy/m/n/12 g$ \OT1/cmr/m/n/12 (b) $\OMS/cmsy/m/n/12 f\OT1/cmr/m/n/12 3\OML/cmm/m
/it/12 ; \OT1/cmr/m/n/12 6\OML/cmm/m/it/12 ; \OT1/cmr/m/n/12 11\OML/cmm/m/it/12
 ; \OT1/cmr/m/n/12 18\OML/cmm/m/it/12 ; []\OMS/cmsy/m/n/12 g$
 []


Underfull \hbox (badness 10000) in paragraph at lines 97--101

 []


Underfull \hbox (badness 10000) in paragraph at lines 102--105

 []

[3

] (./hw03.aux) ) 
Here is how much of TeX's memory you used:
 521 strings out of 493089
 5692 string characters out of 6134842
 62402 words of memory out of 5000000
 4062 multiletter control sequences out of 15000+600000
 9191 words of font info for 35 fonts, out of 8000000 for 9000
 1141 hyphenation exceptions out of 8191
 25i,10n,26p,379b,284s stack positions out of 5000i,500n,10000p,200000b,80000s
</usr/local/texlive/2015/texmf-dist/fonts/type1/public/amsfonts
/cm/cmbx12.pfb></usr/local/texlive/2015/texmf-dist/fonts/type1/public/amsfonts/
cm/cmcsc10.pfb></usr/local/texlive/2015/texmf-dist/fonts/type1/public/amsfonts/
cm/cmmi12.pfb></usr/local/texlive/2015/texmf-dist/fonts/type1/public/amsfonts/c
m/cmmi6.pfb></usr/local/texlive/2015/texmf-dist/fonts/type1/public/amsfonts/cm/
cmmi8.pfb></usr/local/texlive/2015/texmf-dist/fonts/type1/public/amsfonts/cm/cm
r12.pfb></usr/local/texlive/2015/texmf-dist/fonts/type1/public/amsfonts/cm/cmr6
.pfb></usr/local/texlive/2015/texmf-dist/fonts/type1/public/amsfonts/cm/cmr8.pf
b></usr/local/texlive/2015/texmf-dist/fonts/type1/public/amsfonts/cm/cmsy10.pfb
></usr/local/texlive/2015/texmf-dist/fonts/type1/public/amsfonts/cm/cmsy8.pfb><
/usr/local/texlive/2015/texmf-dist/fonts/type1/public/amsfonts/symbols/msbm10.p
fb>
Output written on hw03.pdf (3 pages, 109308 bytes).
PDF statistics:
 58 PDF objects out of 1000 (max. 8388607)
 41 compressed objects within 1 object stream
 0 named destinations out of 1000 (max. 500000)
 1 words of extra memory for PDF output out of 10000 (max. 10000000)

